<?xml version="1.0" encoding="UTF-8"?>
<!-- Generated by org.testng.reporters.JUnitXMLReporter -->
<testsuite ignored="0" hostname="INLEN8520043962" failures="0" tests="3" name="Amzonsite" time="26.981" errors="0" timestamp="2022-08-11T20:24:17 IST">
  <testcase classname="com.TestNG.TestNGSession" name="LoginAmazon" time="26.932"/>
  <testcase classname="com.TestNG.TestNGSession" name="logovalidation" time="0.001"/>
  <testcase classname="com.TestNG.TestNGSession" name="title" time="0.0"/>
</testsuite> <!-- Amzonsite -->
