<?xml version="1.0" encoding="UTF-8"?>
<testng-results ignored="0" total="1" passed="1" failed="0" skipped="0">
  <reporter-output>
  </reporter-output>
  <suite started-at="2022-08-11T20:39:04 IST" name="Default suite" finished-at="2022-08-11T20:39:10 IST" duration-ms="6217">
    <groups>
    </groups>
    <test started-at="2022-08-11T20:39:04 IST" name="Default test" finished-at="2022-08-11T20:39:10 IST" duration-ms="6217">
      <class name="com.TestNG.AssertionExample">
        <test-method signature="TitleValidation()[pri:1, instance:com.TestNG.AssertionExample@53976f5c]" started-at="2022-08-11T20:39:04 IST" name="TitleValidation" finished-at="2022-08-11T20:39:10 IST" duration-ms="6178" status="PASS">
          <reporter-output>
          </reporter-output>
        </test-method> <!-- TitleValidation -->
      </class> <!-- com.TestNG.AssertionExample -->
    </test> <!-- Default test -->
  </suite> <!-- Default suite -->
</testng-results>
